

*******************************************************************************
Fri Mar 10 13:13:07 2023


FIT:    data read from 'лаба1_сем2_физика.txt' using 1:2
        format = x:z
        #datapoints = 12
        residuals are weighted equally (unit weight)

function used for fitting: f(x)
	f(x)=kx+b
BREAK: Need via and either parameter list or file

*******************************************************************************
Fri Mar 10 13:13:16 2023


FIT:    data read from 'лаба1_сем2_физика.txt' using 1:2
        format = x:z
        #datapoints = 12
        residuals are weighted equally (unit weight)

function used for fitting: f(x)
	f(x)=kx+b
fitted parameters initialized with current variable values



*******************************************************************************
Fri Mar 10 13:13:26 2023


FIT:    data read from 'лаба1_сем2_физика.txt' using 1:2
        format = x:z
        #datapoints = 12
        residuals are weighted equally (unit weight)

function used for fitting: f(x)
	f(x)=k*x+b
fitted parameters initialized with current variable values

iter      chisq       delta/lim  lambda   k             b            
   0 1.7790361000e+03  0.00e+00 9.21e+00  1.000000e+00  1.000000e+00
   5 5.2459324009e-02 -1.24e-09 9.21e-05  1.337937e-01 -7.756410e-02

After 5 iterations the fit converged.
final sum of squares of residuals : 0.0524593
rel. change during last iteration : -1.24336e-014

degrees of freedom    (FIT_NDF)                        : 10
rms of residuals      (FIT_STDFIT) = sqrt(WSSR/ndf)    : 0.0724288
variance of residuals (reduced chisquare) = WSSR/ndf   : 0.00524593

Final set of parameters            Asymptotic Standard Error
=======================            ==========================
k               = 0.133794         +/- 0.003028     (2.263%)
b               = -0.0775641       +/- 0.03933      (50.71%)

correlation matrix of the fit parameters:
                k      b      
k               1.000 
b              -0.847  1.000 


*******************************************************************************
Fri Mar 10 13:17:24 2023


FIT:    data read from 'лаба1_сем2_физика.txt' using 1:3
        format = x:z
        #datapoints = 12
        residuals are weighted equally (unit weight)

function used for fitting: f(x)
	f(x)=k*x+b
fitted parameters initialized with current variable values

iter      chisq       delta/lim  lambda   k             b            
   0 1.4873310023e-02  0.00e+00 1.23e+00  1.337937e-01 -7.756410e-02
   4 1.0028554779e-02 -1.72e-01 1.23e-04  1.335140e-01 -5.448718e-02

After 4 iterations the fit converged.
final sum of squares of residuals : 0.0100286
rel. change during last iteration : -1.72495e-006

degrees of freedom    (FIT_NDF)                        : 10
rms of residuals      (FIT_STDFIT) = sqrt(WSSR/ndf)    : 0.0316679
variance of residuals (reduced chisquare) = WSSR/ndf   : 0.00100286

Final set of parameters            Asymptotic Standard Error
=======================            ==========================
k               = 0.133514         +/- 0.001324     (0.9917%)
b               = -0.0544872       +/- 0.0172       (31.56%)

correlation matrix of the fit parameters:
                k      b      
k               1.000 
b              -0.847  1.000 


*******************************************************************************
Fri Mar 10 13:20:27 2023


FIT:    data read from 'лаба1_сем2_физика.txt' using 1:2
        format = x:z
        #datapoints = 12
        residuals are weighted equally (unit weight)

function used for fitting: f(x)
	f(x)=k*x+b
fitted parameters initialized with current variable values

iter      chisq       delta/lim  lambda   k             b            
   0 5.7304078425e-02  0.00e+00 1.23e+00  1.335140e-01 -5.448718e-02
   4 5.2459324009e-02 -2.65e-01 1.23e-04  1.337937e-01 -7.756407e-02

After 4 iterations the fit converged.
final sum of squares of residuals : 0.0524593
rel. change during last iteration : -2.64654e-006

degrees of freedom    (FIT_NDF)                        : 10
rms of residuals      (FIT_STDFIT) = sqrt(WSSR/ndf)    : 0.0724288
variance of residuals (reduced chisquare) = WSSR/ndf   : 0.00524593

Final set of parameters            Asymptotic Standard Error
=======================            ==========================
k               = 0.133794         +/- 0.003028     (2.263%)
b               = -0.0775641       +/- 0.03933      (50.71%)

correlation matrix of the fit parameters:
                k      b      
k               1.000 
b              -0.847  1.000 
